<?xml version="1.0" encoding="UTF-8"?>
<!-- Generated by org.testng.reporters.JUnitXMLReporter -->
<testsuite hostname="Saxan" ignored="0" name="Surefire test" tests="6" failures="0" timestamp="2020-01-24T20:23:32 IST" time="0.085" errors="0">
  <testcase name="MobileAutomation" time="0.008" classname="qaclickacademy.AppiumTest"/>
  <testcase name="MobileTest" time="0.0" classname="qaclickacademy.AppiumTest"/>
  <testcase name="RestAPIAutomation" time="0.0" classname="qaclickacademy.RestAPITest"/>
  <testcase name="RestApiTest" time="0.001" classname="qaclickacademy.RestAPITest"/>
  <testcase name="BrowserAutomation" time="0.0" classname="qaclickacademy.SeleniumTest"/>
  <testcase name="BrowserTest" time="0.0" classname="qaclickacademy.SeleniumTest"/>
</testsuite> <!-- Surefire test -->
