<?xml version="1.0" encoding="UTF-8"?>
<testng-results skipped="0" failed="0" ignored="0" total="6" passed="6">
  <reporter-output>
  </reporter-output>
  <suite name="Surefire suite" duration-ms="85" started-at="2020-01-24T20:23:32 IST" finished-at="2020-01-24T20:23:32 IST">
    <groups>
    </groups>
    <test name="Surefire test" duration-ms="85" started-at="2020-01-24T20:23:32 IST" finished-at="2020-01-24T20:23:32 IST">
      <class name="qaclickacademy.AppiumTest">
        <test-method status="PASS" signature="MobileAutomation()[pri:0, instance:qaclickacademy.AppiumTest@4bbfb90a]" name="MobileAutomation" duration-ms="8" started-at="2020-01-24T20:23:32 IST" finished-at="2020-01-24T20:23:32 IST">
          <reporter-output>
          </reporter-output>
        </test-method> <!-- MobileAutomation -->
        <test-method status="PASS" signature="MobileTest()[pri:0, instance:qaclickacademy.AppiumTest@4bbfb90a]" name="MobileTest" duration-ms="0" started-at="2020-01-24T20:23:32 IST" finished-at="2020-01-24T20:23:32 IST">
          <reporter-output>
          </reporter-output>
        </test-method> <!-- MobileTest -->
      </class> <!-- qaclickacademy.AppiumTest -->
      <class name="qaclickacademy.RestAPITest">
        <test-method status="PASS" signature="RestAPIAutomation()[pri:0, instance:qaclickacademy.RestAPITest@7c29daf3]" name="RestAPIAutomation" duration-ms="0" started-at="2020-01-24T20:23:32 IST" finished-at="2020-01-24T20:23:32 IST">
          <reporter-output>
          </reporter-output>
        </test-method> <!-- RestAPIAutomation -->
        <test-method status="PASS" signature="RestApiTest()[pri:0, instance:qaclickacademy.RestAPITest@7c29daf3]" name="RestApiTest" duration-ms="1" started-at="2020-01-24T20:23:32 IST" finished-at="2020-01-24T20:23:32 IST">
          <reporter-output>
          </reporter-output>
        </test-method> <!-- RestApiTest -->
      </class> <!-- qaclickacademy.RestAPITest -->
      <class name="qaclickacademy.SeleniumTest">
        <test-method status="PASS" signature="BrowserAutomation()[pri:0, instance:qaclickacademy.SeleniumTest@9660f4e]" name="BrowserAutomation" duration-ms="0" started-at="2020-01-24T20:23:32 IST" finished-at="2020-01-24T20:23:32 IST">
          <reporter-output>
          </reporter-output>
        </test-method> <!-- BrowserAutomation -->
        <test-method status="PASS" signature="BrowserTest()[pri:0, instance:qaclickacademy.SeleniumTest@9660f4e]" name="BrowserTest" duration-ms="0" started-at="2020-01-24T20:23:32 IST" finished-at="2020-01-24T20:23:32 IST">
          <reporter-output>
          </reporter-output>
        </test-method> <!-- BrowserTest -->
      </class> <!-- qaclickacademy.SeleniumTest -->
    </test> <!-- Surefire test -->
  </suite> <!-- Surefire suite -->
</testng-results>
